<?xml version="1.0" encoding="UTF-8"?>
<!-- Generated by org.testng.reporters.JUnitReportReporter -->
<testsuite skipped="0" hostname="DESKTOP-V25QCVV" name="com.skillassure.happytrip.tests.Testcase2" tests="1" failures="0" timestamp="05 Jul 2020 10:13:05 GMT" time="19.470" errors="0">
  <testcase name="ReadData" time="19.470" classname="com.skillassure.happytrip.tests.Testcase2"/>
</testsuite> <!-- com.skillassure.happytrip.tests.Testcase2 -->
