<?xml version="1.0" encoding="UTF-8"?>
<!-- Generated by org.testng.reporters.JUnitReportReporter -->
<testsuite skipped="0" hostname="DESKTOP-V25QCVV" name="com.skillassure.happytrip.tests.Testcase1" tests="1" failures="0" timestamp="05 Jul 2020 14:03:29 GMT" time="13.562" errors="0">
  <testcase name="ReadData" time="13.562" classname="com.skillassure.happytrip.tests.Testcase1"/>
</testsuite> <!-- com.skillassure.happytrip.tests.Testcase1 -->
