<?xml version="1.0" encoding="UTF-8"?>
<!-- Generated by org.testng.reporters.JUnitReportReporter -->
<testsuite skipped="0" hostname="DESKTOP-V25QCVV" name="com.skillassure.happytrip.tests.Testcase6" tests="1" failures="0" timestamp="02 Jul 2020 19:57:49 GMT" time="10.549" errors="0">
  <testcase name="ReadData" time="10.549" classname="com.skillassure.happytrip.tests.Testcase6"/>
</testsuite> <!-- com.skillassure.happytrip.tests.Testcase6 -->
